<?xml version="1.0" encoding="UTF-8"?>
<!-- Generated by org.testng.reporters.JUnitReportReporter -->
<testsuite skipped="0" hostname="SYS" name="Blackboard.Demo3" tests="4" failures="0" timestamp="29 Jun 2018 16:53:45 GMT" time="0.036" errors="0">
  <testcase name="PrintNumbers180Degress" time="0.020" classname="Blackboard.Demo3"/>
  <testcase name="PrintNumbersInOrder" time="0.000" classname="Blackboard.Demo3"/>
  <testcase name="PrintNumbersPyramid" time="0.016" classname="Blackboard.Demo3"/>
  <testcase name="PrintNumbersSingleLoop" time="0.000" classname="Blackboard.Demo3"/>
</testsuite> <!-- Blackboard.Demo3 -->
