<?xml version="1.0" encoding="UTF-8"?>
<!-- Generated by org.testng.reporters.JUnitReportReporter -->
<testsuite skipped="0" hostname="SYS" name="Blackboard.Demo1Test" tests="3" failures="0" timestamp="03 Jul 2018 03:04:08 GMT" time="0.058" errors="0">
  <testcase name="BrowserAutomation" time="0.015" classname="Blackboard.Demo1Test"/>
  <testcase name="Log4j2" time="0.033" classname="Blackboard.Demo1Test"/>
  <testcase name="ElementUi" time="0.010" classname="Blackboard.Demo1Test"/>
</testsuite> <!-- Blackboard.Demo1Test -->
